<?xml version="1.0" encoding="UTF-8"?>
<!-- Generated by org.testng.reporters.JUnitXMLReporter -->
<testsuite ignored="0" hostname="LSLT-IT10370" failures="0" tests="6" name="Regression suite 1" time="55.346" errors="0" timestamp="28 Nov 2018 12:51:25 GMT">
  <testcase classname="st.testcases.Homepagetestcases" name="validatecontacslink" time="1.488"/>
  <testcase classname="st.testcases.LoginPageTestcases" name="Loginbuttontestcase" time="3.787"/>
  <testcase classname="st.testcases.Signuptestcases" name="navigatesignup" time="2.557"/>
  <testcase classname="st.testcases.LoginPageTestcases" name="LoginPageTitleTestcase" time="0.01"/>
  <testcase classname="st.testcases.Signuptestcases" name="validateSUTC" time="2.33"/>
  <testcase classname="st.testcases.Signuptestcases" name="Formtestcases" time="3.955"/>
</testsuite> <!-- Regression suite 1 -->
